<?xml version="1.0" encoding="UTF-8"?>
<testsuite xmlns:xsi="http://www.w3.org/2001/XMLSchema-instance" xsi:noNamespaceSchemaLocation="https://maven.apache.org/surefire/maven-surefire-plugin/xsd/surefire-test-report.xsd" version="3.0.2" name="com.cathay.hospital.controller.OffsetCaseControllerTest" time="4.388" tests="1" errors="0" skipped="0" failures="1">
  <properties>
[...]
</properties>
  <testcase name="testAddDocumentAndCalculate_ValidRequest" classname="com.cathay.hospital.controller.OffsetCaseControllerTest" time="0.497">
    <failure message="No value at JSON path &quot;$.returnCode&quot;" type="java.lang.AssertionError"><![CDATA[java.lang.AssertionError: No value at JSON path "$.returnCode"
	at org.springframework.test.util.JsonPathExpectationsHelper.evaluateJsonPath(JsonPathExpectationsHelper.java:351)
	at org.springframework.test.util.JsonPathExpectationsHelper.assertValue(JsonPathExpectationsHelper.java:148)
	at org.springframework.test.web.servlet.result.JsonPathResultMatchers.lambda$value$2(JsonPathResultMatchers.java:112)
	at org.springframework.test.web.servlet.MockMvc$1.andExpect(MockMvc.java:214)
	at com.cathay.hospital.controller.OffsetCaseControllerTest.testAddDocumentAndCalculate_ValidRequest(OffsetCaseControllerTest.java:55)
	at java.base/java.lang.reflect.Method.invoke(Method.java:580)
	at java.base/java.util.ArrayList.forEach(ArrayList.java:1596)
	at java.base/java.util.ArrayList.forEach(ArrayList.java:1596)
Caused by: com.jayway.jsonpath.PathNotFoundException: No results for path: $['returnCode']
]]></failure>
    <system-out><![CDATA[17:25:33.317 [main] INFO org.springframework.test.context.support.AnnotationConfigContextLoaderUtils -- Could not detect default configuration classes for test class [com.cathay.hospital.controller.OffsetCaseControllerTest]: OffsetCaseControllerTest does not declare any static, non-private, non-final, nested classes annotated with @Configuration.
17:25:33.579 [main] INFO org.springframework.boot.test.context.SpringBootTestContextBootstrapper -- Found @SpringBootConfiguration com.cathay.hospital.OffsetApplication for test class com.cathay.hospital.controller.OffsetCaseControllerTest

  .   ____          _            __ _ _
 /\\ / ___'_ __ _ _(_)_ __  __ _ \ \ \ \
( ( )\___ | '_ | '_| | '_ \/ _` | \ \ \ \
 \\/  ___)| |_)| | | | | || (_| |  ) ) ) )
  '  |____| .__|_| |_|_| |_\__, | / / / /
 =========|_|==============|___/=/_/_/_/

 :: Spring Boot ::                (v3.4.3)

2025-03-07T17:25:34.293+08:00  INFO 51084 --- [           main] c.c.h.c.OffsetCaseControllerTest         : Starting OffsetCaseControllerTest using Java 21.0.6 with PID 51084 (started by cfh00892977 in /Users/cfh00892977/FM/iClaim_Dev)
2025-03-07T17:25:34.296+08:00  INFO 51084 --- [           main] c.c.h.c.OffsetCaseControllerTest         : The following 1 profile is active: "dev"
2025-03-07T17:25:36.830+08:00  INFO 51084 --- [           main] o.s.b.t.m.w.SpringBootMockServletContext : Initializing Spring TestDispatcherServlet ''
2025-03-07T17:25:36.830+08:00  INFO 51084 --- [           main] o.s.t.web.servlet.TestDispatcherServlet  : Initializing Servlet ''
2025-03-07T17:25:36.834+08:00  INFO 51084 --- [           main] o.s.t.web.servlet.TestDispatcherServlet  : Completed initialization in 2 ms
2025-03-07T17:25:36.871+08:00  INFO 51084 --- [           main] c.c.h.c.OffsetCaseControllerTest         : Started OffsetCaseControllerTest in 3.183 seconds (process running for 4.873)
2025-03-07T17:25:37.185+08:00  INFO 51084 --- [           main] c.c.h.controller.OffsetCaseController    : Received case processing request: OffsetCaseRequest(organizationId=null, insuredName=测试, insuredId=A123456789, charNo=null, admissionNo=ADM001, admissionDate=null, updateId=null, documents=null, document=base64EncodedDocument, policyNo=POL001, offsetAmount=1000.00)
2025-03-07T17:25:37.196+08:00  INFO 51084 --- [           main] c.c.h.controller.OffsetCaseController    : Case processed successfully

MockHttpServletRequest:
      HTTP Method = POST
      Request URI = /v1/case/add-doc-cal
       Parameters = {}
          Headers = [Content-Type:"application/json;charset=UTF-8", TENANT_ID:"TEST", Content-Length:"240"]
             Body = {"organizationId":null,"insuredName":"测试","insuredId":"A123456789","charNo":null,"admissionNo":"ADM001","admissionDate":null,"updateId":null,"documents":null,"document":"base64EncodedDocument","policyNo":"POL001","offsetAmount":1000.00}
    Session Attrs = {}

Handler:
             Type = com.cathay.hospital.controller.OffsetCaseController
           Method = com.cathay.hospital.controller.OffsetCaseController#addDocumentAndCalculate(Map, OffsetCaseRequest)

Async:
    Async started = false
     Async result = null

Resolved Exception:
             Type = null

ModelAndView:
        View name = null
             View = null
            Model = null

FlashMap:
       Attributes = null

MockHttpServletResponse:
           Status = 200
    Error message = null
          Headers = [Content-Type:"application/json"]
     Content type = application/json
             Body = {"caseNo":null,"calculatedAmount":1000.00,"calculationReason":"正常试算"}
    Forwarded URL = null
   Redirected URL = null
          Cookies = []
]]></system-out>
    <system-err><![CDATA[Mockito is currently self-attaching to enable the inline-mock-maker. This will no longer work in future releases of the JDK. Please add Mockito as an agent to your build what is described in Mockito's documentation: https://javadoc.io/doc/org.mockito/mockito-core/latest/org/mockito/Mockito.html#0.3
WARNING: A Java agent has been loaded dynamically (/Users/cfh00892977/.m2/repository/net/bytebuddy/byte-buddy-agent/1.15.11/byte-buddy-agent-1.15.11.jar)
WARNING: If a serviceability tool is in use, please run with -XX:+EnableDynamicAgentLoading to hide this warning
WARNING: If a serviceability tool is not in use, please run with -Djdk.instrument.traceUsage for more information
WARNING: Dynamic loading of agents will be disallowed by default in a future release
]]></system-err>
  </testcase>
</testsuite>